C51 COMPILER V9.56.0.0   MAIN                                                              09/28/2016 10:26:49 PAGE 1   


C51 COMPILER V9.56.0.0, COMPILATION OF MODULE MAIN
OBJECT MODULE PLACED IN .\Objects\main.obj
COMPILER INVOKED BY: C:\Keil_v5\C51\BIN\C51.EXE main.c OPTIMIZE(0,SPEED) BROWSE DEBUG OBJECTEXTEND PRINT(.\Listings\main
                    -.lst) TABS(3) OBJECT(.\Objects\main.obj)

line level    source

   1          /********** 4_5B_Homework.C ****************************
   2          *動作：每按一次按鍵，令LED有六種變化
   3          *硬體：SW1-2,3(8*8 LDE Matrix, P0LED)ON, 按KEY1 
   4          ***********************************************/
   5          #include "MPC82.H"   //暫存器及組態定義
   6          
   7          #define fSYS   2211840
   8          uint16 code Pitch_TAB[] = {                              //Pitch Control Table
   9                   fSYS/(523*2*4),fSYS/(587*2*4),fSYS/(659*2*4),
  10                   fSYS/(698*2*4),fSYS/(785*2*4),fSYS/(880*2*4),
  11                   fSYS/(998*2*4),fSYS/(523*4*4)};
  12          
  13          const uint8 littleBee[] = {
  14             5,3,3,0,4,2,2,0,
  15             1,2,3,4,5,5,5,0,
  16             5,3,3,0,4,2,2,0,
  17             1,3,5,5,3,0,0,0,
  18             2,2,2,2,2,3,4,0,
  19             3,3,3,3,3,4,5,0,
  20             5,3,3,0,4,2,2,0,
  21             1,3,5,5,1,0,0,0
  22          };
  23          
  24          uint8 code greenMan[8][8]= //設定八個八單位矩陣
  25          {
  26          {0x00,0x8b,0xef,0x3c,0x18,0xa0,0xc0,0x00}, //第一張動作 走路中
  27          {0x00,0xdb,0x6f,0x3c,0x18,0x28,0xd0,0x00}, //第二張動作 走路中
  28          {0x10,0x4b,0x5f,0x3c,0x28,0x48,0xd0,0x00}, //第三張動作 走路中
  29          {0x53,0x4f,0x3c,0x18,0x28,0x48,0x90,0x00}, //第四張動作 走路中
  30          {0x93,0x8f,0xfc,0x38,0x28,0x50,0xe0,0x00}, //第五張動作 走路中
  31          {0x93,0xcf,0x3c,0x38,0x48,0xd0,0x20,0x00}, //第六張動作 走路中
  32          {0x03,0x5f,0xbc,0x78,0xc8,0x30,0x00,0x00}, //第七張動作 走路中
  33          {0x00,0x03,0x0f,0x7c,0x58,0xe0,0x00,0x00} //第八張動作 走路中
  34          };
  35          
  36          char flag = 0;    //設定變數 
  37          uint8 dsState = 0;
  38          uint8 inxlittleBee = 0;
  39          
  40          uint8 revers( uint8 org ){
  41   1         return ((org & 0x01) << 7 ) | ((org & 0x02) << 5) | ((org & 0x04) << 3) | ((org & 0x08) << 1)
  42   1             | ((org & 0x10) >> 1) | ((org & 0x20) >> 3) | ((org & 0x40) >> 5) | ((org & 0x80) >> 7);
  43   1      }
  44          
  45          uint8 getRotateImage(uint8 i, uint8 j){
  46   1         return ((greenMan[i][0] >> j) & 0x01)
  47   1               | ((greenMan[i][1] >> j) & 0x01) << 1
  48   1               | ((greenMan[i][2] >> j) & 0x01) << 2
  49   1               | ((greenMan[i][3] >> j) & 0x01) << 3
  50   1               | ((greenMan[i][4] >> j) & 0x01) << 4
  51   1               | ((greenMan[i][5] >> j) & 0x01) << 5
  52   1               | ((greenMan[i][6] >> j) & 0x01) << 6
  53   1               | ((greenMan[i][7] >> j) & 0x01) << 7;
  54   1      }
C51 COMPILER V9.56.0.0   MAIN                                                              09/28/2016 10:26:49 PAGE 2   

  55          
  56          //void dotXY( uint8 X, uint8 Y, uint8 t){
  57          // Scan = ~(0x80>>X);
  58          // Data = ~(0x01<<Y);
  59          
  60          // Delay_ms( t ); 
  61          // 
  62          // //Scan = Data = 0xFF;   
  63          //}
  64          
  65          void dotLine( int8 X0, int8 Y0, int8 DX, int8 DY, int8 n, int8 t){
  66   1         int8 i;
  67   1         for(i=0; i<n; i++){
  68   2            Scan = ~(0x80>>(X0 + DX*i));
  69   2            Data = ~(0x01<<(Y0 + DY*i));
  70   2            Delay_ms( t );       
  71   2         }
  72   1      }
  73          
  74          void showGreenMan( int8 mode ){
  75   1         //Green Go :Top, Bottom, Right, Left = 0, 1, 2, 3
  76   1         int8 i, j, k, t;
  77   1         Scan = (mode & 1)? 0xFE: 0X7F;
  78   1         for(t = 0 ; t < 4; t++){
  79   2            for(j = 0 ; j < 8; j++){
  80   3               for(k = 0 ; k < 10; k++){
  81   4                  for(i = 0 ; i < 8; i++){
  82   5                     switch (mode)
  83   5                     {
  84   6                        case 0://Top
  85   6                           Data = ~greenMan[j][i];
  86   6                           break;
  87   6      
  88   6                        case 1://Bottom
  89   6                           Data = ~revers(greenMan[j][i]);
  90   6                           break;
  91   6      
  92   6                        case 2://Right
  93   6                           Data = ~revers(getRotateImage(j, i));
  94   6                           break;
  95   6      
  96   6                        case 3://Left
  97   6                           Data = ~getRotateImage(j, i);
  98   6                           break;
  99   6                     }
 100   5                     Delay_ms(1);
 101   5                     Data =  0xFF;
 102   5                     if(mode & 1) { Scan = RL8(Scan); } else { Scan = RR8(Scan); }
 103   5                  }
 104   4               }
 105   3            }
 106   2         }
 107   1      }
 108          
 109          
 110          
 111          void dotShow(){
 112   1         uint8 t = 10;  
 113   1         int8 i, j;
 114   1         
 115   1         switch (dsState)
 116   1         {
C51 COMPILER V9.56.0.0   MAIN                                                              09/28/2016 10:26:49 PAGE 3   

 117   2            case 0:
 118   2               dotLine(7, 0, -1, 0, 8, t);
 119   2               break;
 120   2            
 121   2            case 1:
 122   2               dotLine(0, 0, 0, 1, 8, t);
 123   2               break;
 124   2            
 125   2            case 2:
 126   2               dotLine(0, 7, 1, 0, 8, t);
 127   2               break;
 128   2            
 129   2            case 3:
 130   2               dotLine(7, 7, 0, -1, 8, t);
 131   2               break;
 132   2            
 133   2            case 4:
 134   2               dotLine(7, 0, -1, 1, 8, t);
 135   2               break;
 136   2            
 137   2            case 5:
 138   2               dotLine(0, 7, 1, 0, 8, t);
 139   2               break;
 140   2            
 141   2            case 6:
 142   2               dotLine(7, 7, -1, -1, 8, t);
 143   2               break;
 144   2            
 145   2            case 7:
 146   2               dotLine(0, 0, 1, 0, 8, t);
 147   2               break;
 148   2               
 149   2            case 8:
 150   2               showGreenMan(1); //Bottom
 151   2               break;
 152   2               
 153   2            case 9:
 154   2               showGreenMan(2); //Right
 155   2               break;
 156   2            
 157   2            case 10:
 158   2               showGreenMan(0); //Top
 159   2               break;
 160   2      
 161   2            case 11:
 162   2               showGreenMan(3); //Left    
 163   2               break;
 164   2      
 165   2            case 12:
 166   2               i = 0;
 167   2               j = 1;
 168   2               do{
 169   3                  dotLine(7-i, 0+i, -1, 0, 8-i-i, t);
 170   3                  dotLine(0+i, 0+i, 0, 1, 8-i-i, t);
 171   3                  dotLine(0+i, 7-i, 1, 0, 8-i-i, t);
 172   3                  dotLine(7-i, 7-i, 0, -1, 8-i-i, t);
 173   3                  i += j;
 174   3                  if( i>=4) j = -1;
 175   3               }while( i > -1);
 176   2               break;
 177   2         }
 178   1         
C51 COMPILER V9.56.0.0   MAIN                                                              09/28/2016 10:26:49 PAGE 4   

 179   1         dsState = dsState == 12 ?  0 : dsState + 1;
 180   1      }
 181          
 182          
 183          void play(){
 184   1         
 185   1         uint16 dly;
 186   1         uint32 count;
 187   1         
 188   1         count = 0;
 189   1         while(1){
 190   2            
 191   2            if( littleBee[ inxlittleBee ] > 0){
 192   3               dly =  Pitch_TAB[ littleBee[ inxlittleBee ] -1 ];
 193   3               count += dly;
 194   3               while( dly-- ); //改變延時
 195   3               SPEAK = !SPEAK;   //SPEAK反相,令喇叭發出聲音
 196   3               if(count > 300000) break;
 197   3            }else{
 198   3               dly =  Pitch_TAB[ 0 ];
 199   3               count += dly;
 200   3               while( dly-- ); //改變延時
 201   3               NOP();
 202   3               if(count > 300000) break;
 203   3            }
 204   2         }
 205   1         inxlittleBee = inxlittleBee >= 63 ? 0 : inxlittleBee + 1;
 206   1      }
 207          
 208          
 209          main() 
 210          {
 211   1        P0M0=0; P0M1=0xFF; //設定P0為推挽式輸出(M0-1=01)
 212   1        while(1)       //重覆執行 
 213   1         {          //若flag=0，直接跳到此處
 214   2           if(KEY1==0)      //若有按鍵，flag反相
 215   2           {
 216   3              Delay_ms(1); //延時，防止機械彈跳    
 217   3              flag++; if(flag>5) flag=0;   
 218   3             while(KEY1==0); //若未放開鍵，空轉 
 219   3           }
 220   2      
 221   2         switch (flag)
 222   2            {
 223   3                  case 0:
 224   3                     LED--;
 225   3                     break;
 226   3                  
 227   3                  case 1:
 228   3                     LED++;
 229   3                     break;      
 230   3                  
 231   3                  case 2:
 232   3                     LED=0;
 233   3                     break;
 234   3                  
 235   3                  case 3:
 236   3                     LED=0xFF;
 237   3                     break;
 238   3                  
 239   3                  case 4:
 240   3                     dotShow();
C51 COMPILER V9.56.0.0   MAIN                                                              09/28/2016 10:26:49 PAGE 5   

 241   3                     break;
 242   3                  
 243   3                  case 5:
 244   3                     Scan = 0xFF;
 245   3                     play();
 246   3                     break;
 247   3                  
 248   3                  default:
 249   3                     break;
 250   3            }
 251   2               Delay_ms(100); //延時    
 252   2               
 253   2         }
 254   1      }


MODULE INFORMATION:   STATIC OVERLAYABLE
   CODE SIZE        =   1661    ----
   CONSTANT SIZE    =     80    ----
   XDATA SIZE       =   ----    ----
   PDATA SIZE       =   ----    ----
   DATA SIZE        =     95    ----
   IDATA SIZE       =   ----    ----
   BIT SIZE         =   ----    ----
END OF MODULE INFORMATION.


C51 COMPILATION COMPLETE.  0 WARNING(S),  0 ERROR(S)
